2025-05-18 11:37:11,021 - INFO - Model Architecture initialized.
2025-05-18 11:37:11,022 - INFO - Model Trainer initialized.
2025-05-18 11:37:11,024 - INFO - Data Processing initialized.
2025-05-18 11:37:11,026 - INFO - Dataset split into 4 training samples and 1 validation samples.
2025-05-18 11:37:11,026 - INFO - Epoch 1/1
2025-05-18 11:37:11,028 - INFO - Loading image 2 from artifacts/raw/Images
2025-05-18 11:37:11,057 - INFO - Loading image 3 from artifacts/raw/Images
2025-05-18 11:37:11,063 - INFO - Loading image 1 from artifacts/raw/Images
2025-05-18 11:37:11,069 - ERROR - Error during training: 'FasterRCNNModel' object is not callable
2025-05-18 11:37:51,187 - INFO - Model Architecture initialized.
2025-05-18 11:37:51,188 - INFO - Model Trainer initialized.
2025-05-18 11:37:51,188 - INFO - Data Processing initialized.
2025-05-18 11:37:51,189 - INFO - Dataset split into 4 training samples and 1 validation samples.
2025-05-18 11:37:51,189 - INFO - Epoch 1/1
2025-05-18 11:37:51,191 - INFO - Loading image 4 from artifacts/raw/Images
2025-05-18 11:37:51,202 - INFO - Loading image 3 from artifacts/raw/Images
2025-05-18 11:37:51,203 - INFO - Loading image 0 from artifacts/raw/Images
2025-05-18 11:38:09,646 - INFO - Loading image 2 from artifacts/raw/Images
2025-05-18 11:38:14,110 - INFO - Loading image 1 from artifacts/raw/Images
2025-05-18 11:38:14,112 - ERROR - Error during training: 'FasterRCNNModel' object is not callable
2025-05-18 11:38:57,167 - INFO - Model Architecture initialized.
2025-05-18 11:38:57,167 - INFO - Model Trainer initialized.
2025-05-18 11:38:57,168 - INFO - Data Processing initialized.
2025-05-18 11:38:57,169 - INFO - Dataset split into 4 training samples and 1 validation samples.
2025-05-18 11:38:57,169 - INFO - Epoch 1/1
2025-05-18 11:38:57,170 - INFO - Loading image 1 from artifacts/raw/Images
2025-05-18 11:38:57,175 - INFO - Loading image 0 from artifacts/raw/Images
2025-05-18 11:38:57,175 - INFO - Loading image 3 from artifacts/raw/Images
2025-05-18 11:39:33,516 - INFO - Loading image 2 from artifacts/raw/Images
2025-05-18 11:39:36,791 - INFO - Loading image 4 from artifacts/raw/Images
2025-05-18 11:39:37,949 - INFO - <class 'list'>
2025-05-18 11:39:37,966 - INFO - VAL_LOSSES: [{'boxes': tensor([[111.2015,  19.9449, 233.9341, 183.0000],
        [ 66.6245,  13.1852, 187.4859, 183.0000]]), 'labels': tensor([1, 1]), 'scores': tensor([0.0705, 0.0511])}]
2025-05-18 11:39:37,966 - ERROR - Error during training: 'FasterRCNNModel' object has no attribute 'state_dict'
2025-05-18 11:40:45,504 - INFO - Model Architecture initialized.
2025-05-18 11:40:45,505 - INFO - Model Trainer initialized.
2025-05-18 11:40:45,505 - INFO - Data Processing initialized.
2025-05-18 11:40:45,506 - INFO - Dataset split into 4 training samples and 1 validation samples.
2025-05-18 11:40:45,506 - INFO - Epoch 1/1
2025-05-18 11:40:45,508 - INFO - Loading image 2 from artifacts/raw/Images
2025-05-18 11:40:45,515 - INFO - Loading image 3 from artifacts/raw/Images
2025-05-18 11:40:45,515 - INFO - Loading image 0 from artifacts/raw/Images
2025-05-18 11:40:57,783 - INFO - Loading image 1 from artifacts/raw/Images
2025-05-18 11:41:00,931 - INFO - Loading image 4 from artifacts/raw/Images
2025-05-18 11:41:02,012 - INFO - <class 'list'>
2025-05-18 11:41:02,017 - INFO - VAL_LOSSES: [{'boxes': tensor([[ 29.4292,   0.0000, 235.8173,  53.3440]]), 'labels': tensor([1]), 'scores': tensor([0.0508])}]
2025-05-18 11:41:02,433 - INFO - Model saved at artifacts/models/fasterrcnn.pth
2025-05-18 11:49:49,574 - INFO - Model Architecture initialized.
2025-05-18 11:49:49,576 - INFO - Model Trainer initialized.
2025-05-18 11:49:49,576 - INFO - Data Processing initialized.
2025-05-18 11:49:49,576 - INFO - Dataset split into 4 training samples and 1 validation samples.
2025-05-18 11:49:49,577 - INFO - Epoch 1/1
2025-05-18 11:49:49,580 - INFO - Loading image 1 from artifacts/raw/Images
2025-05-18 11:49:49,590 - INFO - Loading image 0 from artifacts/raw/Images
2025-05-18 11:49:49,590 - INFO - Loading image 2 from artifacts/raw/Images
2025-05-18 11:50:29,693 - INFO - Loading image 3 from artifacts/raw/Images
2025-05-18 11:50:33,682 - INFO - Loading image 4 from artifacts/raw/Images
2025-05-18 11:50:34,984 - INFO - <class 'list'>
2025-05-18 11:50:34,998 - INFO - VAL_LOSSES: [{'boxes': tensor([], size=(0, 4)), 'labels': tensor([], dtype=torch.int64), 'scores': tensor([])}]
2025-05-18 11:50:35,363 - INFO - Model saved at artifacts/models/fasterrcnn.pth
2025-05-18 16:33:24,422 - INFO - Model Architecture initialized.
2025-05-18 16:33:24,424 - INFO - Model Trainer initialized.
2025-05-18 16:33:24,434 - INFO - Data Processing initialized.
2025-05-18 16:33:24,436 - INFO - Dataset split into 4 training samples and 1 validation samples.
2025-05-18 16:33:24,436 - INFO - Epoch 1/1
2025-05-18 16:33:24,438 - INFO - Loading image 3 from artifacts/raw/Images
2025-05-18 16:33:24,457 - INFO - Loading image 0 from artifacts/raw/Images
2025-05-18 16:33:24,457 - INFO - Loading image 1 from artifacts/raw/Images
2025-05-18 16:34:03,363 - INFO - Loading image 4 from artifacts/raw/Images
2025-05-18 16:34:07,059 - INFO - Loading image 2 from artifacts/raw/Images
2025-05-18 16:34:08,530 - INFO - <class 'list'>
2025-05-18 16:34:08,548 - INFO - VAL_LOSSES: [{'boxes': tensor([[  2.7903,  27.6976, 103.0687,  54.7307],
        [185.7626,  70.7655, 261.9531, 102.9412],
        [176.6584,  54.8574, 235.6978, 101.5085],
        [154.0147,  54.0362, 211.3209,  73.5368],
        [173.0492,  28.3502, 177.2632,  30.9830],
        [111.3457,  55.9020, 198.9805,  97.7305],
        [142.8663,  57.1999, 225.7022,  89.2338],
        [173.2949,  29.0149, 176.4547,  31.7266],
        [171.9982,  28.0985, 174.5842,  31.2847],
        [ 32.7070,  31.1385, 165.2491,  55.7726],
        [  0.3318,  40.0994, 124.9499,  65.8730],
        [180.6061,  83.3258, 267.7720, 116.0964],
        [185.8714,  65.2150, 234.2016,  85.5552],
        [  3.9141,  32.2981,  94.5622,  45.6003],
        [172.2745,  29.2179, 174.5348,  31.9866],
        [177.1394,  58.9599, 226.5825,  82.9273],
        [ 12.8894,  37.0893,  92.0813,  56.5367],
        [120.4774,  78.8727, 210.1518, 116.4983],
        [101.7939, 124.1139, 193.4456, 162.9985],
        [  7.4262,  35.3474, 187.8467,  62.4736],
        [ 85.6449,  46.2546, 232.1169, 101.7156],
        [ 10.1022,  62.7860, 198.6413, 138.0309],
        [139.9899,  74.1190, 192.6087, 126.5946],
        [144.3323,  45.6645, 274.3423, 108.5046],
        [  4.0196,  37.4158, 162.6915,  86.5143],
        [213.7972,  86.0991, 287.4549, 128.9379],
        [ 91.6631,  99.1623, 196.0304, 147.6526],
        [172.6939, 134.6451, 281.7284, 160.5911],
        [  1.1277,  44.1752,  59.7976,  67.8016],
        [ 67.4608,  54.3056, 176.5401,  90.5351],
        [187.2281,  80.0854, 243.4375, 132.1758],
        [154.7833,  74.8186, 218.1674, 139.3009],
        [120.1806,  50.3116, 192.6203, 168.0000],
        [140.6518,  82.4702, 245.9493, 125.1000],
        [ 79.4701,  25.4565, 192.3466, 122.7822],
        [188.7767,  58.1003, 276.3677,  90.6086],
        [ 97.0975, 104.9178, 300.0000, 161.5895],
        [104.2135, 105.5448, 156.7196, 160.0086],
        [106.7633,  60.4785, 170.1761, 109.8076],
        [ 86.9438,  76.1789, 267.1838, 153.4508],
        [265.6161,  97.9168, 276.9312, 101.8381],
        [ 46.1836,  85.2862, 171.0388, 119.1721],
        [156.4856,  29.0570, 218.9041,  79.6102],
        [ 30.2546,  27.8780, 158.0137, 151.9586],
        [165.8202,  60.0828, 297.0420, 121.0292],
        [196.5058,  69.7656, 243.2975,  95.1782],
        [ 86.6061,  30.8505, 212.3798,  53.3090],
        [ 15.6057,  24.8182, 179.5253,  41.9463],
        [199.6997, 140.8542, 203.8836, 153.2144],
        [148.3246,  58.8356, 255.0246, 166.0731],
        [ 70.2852,  74.1471, 229.6152, 129.1745],
        [174.4475,  28.8777, 178.8090,  31.4643],
        [176.2295, 121.3267, 300.0000, 167.8085],
        [166.6037,  98.3936, 299.5595, 131.1835],
        [121.4888,  95.3346, 179.0854, 155.5701],
        [176.9109,  46.5727, 286.1665,  76.1733],
        [ 63.7930,  71.2256, 146.1702, 144.8763],
        [ 75.1317, 137.4217, 203.2217, 165.8272],
        [101.8625,  45.3484, 155.4449,  97.1371],
        [215.7341,  85.0051, 265.3805, 108.3989],
        [ 17.7815,  21.2329, 263.6193,  64.8804],
        [  2.7119, 103.3227, 193.2696, 166.4700],
        [163.7315,  37.2086, 300.0000,  69.8623],
        [  3.3193,   0.0000, 104.4635, 114.4614],
        [ 90.6542,  47.2043, 173.6018,  81.0144],
        [227.6583,  96.4935, 300.0000, 123.7139],
        [257.4998,  93.7629, 262.5136,  96.1500],
        [262.9547,  96.8695, 267.3346,  99.4991],
        [ 97.6977,  39.9786, 211.1505,  64.2018],
        [ 31.7419,  43.7977,  40.4051,  72.5051],
        [ 70.6909,  80.3990, 177.7713, 108.4672],
        [140.3656,  65.3299, 218.5121, 108.9544],
        [136.8895, 127.4107, 188.5097, 149.1253],
        [155.4122, 144.1333, 282.4435, 167.6110],
        [118.5919,  26.0861, 300.0000,  80.8146],
        [  0.0000,  19.5789, 190.7464,  37.2591],
        [ 60.7450,  44.1485, 180.2030,  70.6364],
        [ 37.2215,  93.1205, 160.5271, 138.5526],
        [211.4888,  75.5511, 247.3766,  97.0642],
        [121.2061,  47.2355, 215.0636,  72.9894],
        [  3.6527,  28.3943,  95.8070,  40.7330],
        [258.9018,  94.6977, 263.5738,  97.5363],
        [ 28.2719,  27.2595, 225.5298,  47.7196],
        [271.0712,  97.1853, 278.7857, 100.5718],
        [ 56.7909,  29.4696, 239.7246,  87.2206],
        [ 95.4522,  23.2155, 166.7229, 168.0000],
        [264.3400,  97.0034, 274.0127, 100.6970],
        [136.0265,  26.9598, 269.0316,  51.7200],
        [144.4632,  75.5632, 210.3037,  93.0070],
        [150.8869,  23.8273, 224.1074, 153.8000],
        [259.7852,  95.3282, 265.8203,  97.9965],
        [ 31.1779,  32.4781, 123.7083,  47.6045],
        [209.0853, 148.1457, 300.0000, 168.0000],
        [180.6008,  70.9838, 226.1829,  95.6786],
        [262.1271,  96.0965, 266.5482,  98.8026],
        [ 12.0209,  23.1366,  75.0749,  73.9738],
        [ 85.6039,  94.6653, 147.2025, 149.5936],
        [262.7563,  95.6769, 268.7107,  98.7281],
        [145.1734, 121.1781, 200.6196, 166.8799],
        [201.1392, 140.6877, 205.6651, 153.2820]]), 'labels': tensor([1, 1, 1, 1, 1, 1, 1, 1, 1, 1, 1, 1, 1, 1, 1, 1, 1, 1, 1, 1, 1, 1, 1, 1,
        1, 1, 1, 1, 1, 1, 1, 1, 1, 1, 1, 1, 1, 1, 1, 1, 1, 1, 1, 1, 1, 1, 1, 1,
        1, 1, 1, 1, 1, 1, 1, 1, 1, 1, 1, 1, 1, 1, 1, 1, 1, 1, 1, 1, 1, 1, 1, 1,
        1, 1, 1, 1, 1, 1, 1, 1, 1, 1, 1, 1, 1, 1, 1, 1, 1, 1, 1, 1, 1, 1, 1, 1,
        1, 1, 1, 1]), 'scores': tensor([0.1686, 0.1669, 0.1625, 0.1598, 0.1472, 0.1466, 0.1417, 0.1406, 0.1325,
        0.1319, 0.1314, 0.1308, 0.1305, 0.1300, 0.1282, 0.1240, 0.1226, 0.1218,
        0.1199, 0.1190, 0.1152, 0.1150, 0.1148, 0.1145, 0.1140, 0.1128, 0.1119,
        0.1105, 0.1102, 0.1100, 0.1095, 0.1085, 0.1081, 0.1068, 0.1047, 0.1027,
        0.1016, 0.1012, 0.1006, 0.1000, 0.0997, 0.0978, 0.0978, 0.0975, 0.0963,
        0.0951, 0.0947, 0.0942, 0.0932, 0.0929, 0.0924, 0.0911, 0.0893, 0.0886,
        0.0881, 0.0877, 0.0865, 0.0865, 0.0863, 0.0862, 0.0861, 0.0860, 0.0858,
        0.0857, 0.0851, 0.0850, 0.0841, 0.0841, 0.0840, 0.0840, 0.0839, 0.0838,
        0.0836, 0.0836, 0.0835, 0.0835, 0.0831, 0.0829, 0.0826, 0.0825, 0.0823,
        0.0818, 0.0816, 0.0812, 0.0809, 0.0803, 0.0803, 0.0799, 0.0795, 0.0793,
        0.0787, 0.0784, 0.0783, 0.0780, 0.0780, 0.0779, 0.0779, 0.0776, 0.0776,
        0.0771])}]
2025-05-18 16:34:08,826 - INFO - Model saved at artifacts/models/fasterrcnn.pth
2025-05-18 16:56:36,095 - INFO - Starting data ingestion process
2025-05-18 16:56:36,096 - INFO - Created directory: artifacts/raw
2025-05-18 16:56:36,096 - INFO - Downloading dataset: issaisasank/guns-object-detection
2025-05-18 16:56:36,870 - INFO - Copied image folder from /Users/muhammedrasin/.cache/kagglehub/datasets/issaisasank/guns-object-detection/versions/1/Images to artifacts/raw/Images
2025-05-18 16:56:36,959 - INFO - Copied label folder from /Users/muhammedrasin/.cache/kagglehub/datasets/issaisasank/guns-object-detection/versions/1/Labels to artifacts/raw/Labels
2025-05-18 16:56:37,051 - INFO - Copied image folder from /Users/muhammedrasin/.cache/kagglehub/datasets/issaisasank/guns-object-detection/versions/1/repository/SasankYadati-Guns-Dataset-0eb7329/Images to artifacts/raw/Images
2025-05-18 16:56:37,131 - INFO - Copied label folder from /Users/muhammedrasin/.cache/kagglehub/datasets/issaisasank/guns-object-detection/versions/1/repository/SasankYadati-Guns-Dataset-0eb7329/Labels to artifacts/raw/Labels
2025-05-18 16:56:37,132 - INFO - Dataset downloaded and extracted to: artifacts/raw
2025-05-18 16:56:37,132 - INFO - Data ingestion process completed successfully
2025-05-18 16:56:58,389 - INFO - Model Architecture initialized.
2025-05-18 16:56:58,390 - INFO - Model Trainer initialized.
2025-05-18 16:56:58,391 - INFO - Data Processing initialized.
2025-05-18 16:56:58,392 - INFO - Dataset split into 4 training samples and 1 validation samples.
2025-05-18 16:56:58,393 - INFO - Epoch 1/1
2025-05-18 16:56:58,395 - INFO - Loading image 2 from artifacts/raw/Images
2025-05-18 16:56:58,404 - INFO - Loading image 1 from artifacts/raw/Images
2025-05-18 16:56:58,404 - INFO - Loading image 3 from artifacts/raw/Images
2025-05-18 16:57:30,262 - INFO - Loading image 0 from artifacts/raw/Images
2025-05-18 16:57:32,646 - INFO - Loading image 4 from artifacts/raw/Images
2025-05-18 16:57:33,800 - INFO - <class 'list'>
2025-05-18 16:57:33,813 - INFO - VAL_LOSSES: [{'boxes': tensor([[ 24.5352,  63.8352,  61.3051, 166.0470],
        [ 49.7000,  82.3513,  84.1843, 165.6672],
        [188.8546,  44.4625, 235.4283, 155.2239],
        [105.5474,  39.8664, 145.9734, 124.9641],
        [114.5269,  68.3705, 146.6089, 170.5670],
        [124.6693,  45.0990, 144.5197,  88.3081],
        [ 26.7684,  55.5179,  83.7950, 181.7845],
        [110.1240,  65.3255, 159.1220, 131.8767],
        [197.2235,  75.1629, 251.3447, 150.2874],
        [ 19.2846,  99.2487,  71.6890, 172.3017],
        [ 31.1959,  99.2699, 104.4213, 144.6382],
        [112.3584,  43.4325, 168.4763, 113.0806],
        [218.2204,  56.5867, 258.9812, 150.6393],
        [106.7710,  47.7298, 133.2861, 182.3061],
        [  0.0000,  91.2371,  30.9547, 183.0000],
        [ 45.8642,  94.8327,  65.1051, 163.2429],
        [105.1052,  47.9729, 162.7200, 183.0000],
        [176.3345,  61.8365, 257.7011, 109.5951],
        [181.8627,  62.9482, 217.0783, 167.9774],
        [ 65.6465,  91.2726, 110.5001, 156.4963],
        [ 87.2643,   4.7587, 153.5010, 171.7406],
        [108.6933,  57.7622, 133.9316, 120.5113],
        [ 41.8215, 103.3337,  99.5226, 177.6781],
        [147.7243,  77.6306, 205.5396, 157.1120],
        [197.9393,  37.4670, 271.2353, 160.1791],
        [152.5657,  59.6915, 183.5604, 169.4083],
        [ 60.4271,  71.2926,  96.7347, 175.7916],
        [258.0001,  56.5650, 274.1325, 104.1712],
        [ 83.0139,  58.7131, 164.7874, 110.4406],
        [ 96.6328,  44.5165, 125.3189, 155.7029],
        [ 76.6003,  40.6304, 133.7688, 108.0529],
        [  9.4620,  24.7489,  66.5313, 183.0000],
        [204.8970,  43.8431, 245.0520, 133.4641],
        [ 33.0168,  91.0001,  52.8963, 168.4151],
        [ 46.2968,  95.0905,  79.0142, 143.0858],
        [172.0293,  49.4286, 211.0237, 148.9915],
        [216.8528,  57.6061, 236.4155,  98.0031],
        [ 78.0708,  62.6426, 140.4712, 145.5390],
        [ 70.8915,  31.0147, 105.6182, 134.6358],
        [143.7523,   0.0000, 213.3442, 120.4431],
        [248.2647,  48.3347, 272.8729, 162.4648],
        [161.0426,  65.2635, 194.7393, 180.7316],
        [ 23.7919,  58.7568,  74.2593, 116.8512],
        [166.4618,  67.5240, 264.3269, 181.3059],
        [154.0081,  75.9900, 232.1803, 126.3150],
        [ 24.1187,  81.0320,  48.3545, 145.3410],
        [233.7155,  58.4854, 264.0025, 167.0303],
        [136.5820,   0.0000, 167.9694, 132.2016],
        [155.5985,  97.7456, 215.1265, 172.6712],
        [ 17.0100,  78.2627,  47.4688, 183.0000],
        [127.8902,  19.0286, 161.8229, 116.2489],
        [ 83.7188,  63.8996, 114.5258, 167.1981],
        [131.0323,  70.1025, 227.0705, 181.7196],
        [ 49.5590,  39.7183, 118.4576, 183.0000],
        [ 35.1780,  61.9371,  59.0200, 110.2857],
        [150.6227,   0.0000, 184.3905, 125.4285],
        [132.6201,   0.0000, 190.0304, 166.8308],
        [190.8527,  93.0179, 247.3167, 176.8380],
        [168.0807,  10.1689, 222.1507,  76.8716],
        [ 90.6622,  36.6380, 145.6896,  93.9743]]), 'labels': tensor([1, 1, 1, 1, 1, 1, 1, 1, 1, 1, 1, 1, 1, 1, 1, 1, 1, 1, 1, 1, 1, 1, 1, 1,
        1, 1, 1, 1, 1, 1, 1, 1, 1, 1, 1, 1, 1, 1, 1, 1, 1, 1, 1, 1, 1, 1, 1, 1,
        1, 1, 1, 1, 1, 1, 1, 1, 1, 1, 1, 1]), 'scores': tensor([0.1264, 0.1222, 0.1015, 0.0973, 0.0960, 0.0953, 0.0936, 0.0875, 0.0870,
        0.0867, 0.0847, 0.0784, 0.0782, 0.0777, 0.0769, 0.0743, 0.0732, 0.0728,
        0.0725, 0.0716, 0.0714, 0.0710, 0.0704, 0.0702, 0.0678, 0.0667, 0.0664,
        0.0656, 0.0642, 0.0641, 0.0640, 0.0640, 0.0626, 0.0624, 0.0624, 0.0608,
        0.0602, 0.0585, 0.0583, 0.0581, 0.0579, 0.0578, 0.0571, 0.0562, 0.0556,
        0.0556, 0.0556, 0.0553, 0.0546, 0.0545, 0.0545, 0.0539, 0.0536, 0.0536,
        0.0535, 0.0525, 0.0519, 0.0515, 0.0509, 0.0508])}]
2025-05-18 16:57:34,064 - INFO - Model saved at artifacts/models/fasterrcnn.pth
